c:\users\fer\desktop\nuevooo\proyetcoteocgihc-main\proyetcoteocgihc-main\campo_comida\proyectolab\debug\vc143.pdb
c:\users\fer\desktop\nuevooo\proyetcoteocgihc-main\proyetcoteocgihc-main\campo_comida\proyectolab\debug\vc143.idb
c:\users\fer\desktop\nuevooo\proyetcoteocgihc-main\proyetcoteocgihc-main\campo_comida\proyectolab\debug\window.obj
c:\users\fer\desktop\nuevooo\proyetcoteocgihc-main\proyetcoteocgihc-main\campo_comida\proyectolab\debug\tux_m.obj
c:\users\fer\desktop\nuevooo\proyetcoteocgihc-main\proyetcoteocgihc-main\campo_comida\proyectolab\debug\tuxfather.obj
c:\users\fer\desktop\nuevooo\proyetcoteocgihc-main\proyetcoteocgihc-main\campo_comida\proyectolab\debug\texture.obj
c:\users\fer\desktop\nuevooo\proyetcoteocgihc-main\proyetcoteocgihc-main\campo_comida\proyectolab\debug\spotlight.obj
c:\users\fer\desktop\nuevooo\proyetcoteocgihc-main\proyetcoteocgihc-main\campo_comida\proyectolab\debug\sphere.obj
c:\users\fer\desktop\nuevooo\proyetcoteocgihc-main\proyetcoteocgihc-main\campo_comida\proyectolab\debug\skybox.obj
c:\users\fer\desktop\nuevooo\proyetcoteocgihc-main\proyetcoteocgihc-main\campo_comida\proyectolab\debug\shader_light.obj
c:\users\fer\desktop\nuevooo\proyetcoteocgihc-main\proyetcoteocgihc-main\campo_comida\proyectolab\debug\pointlight.obj
c:\users\fer\desktop\nuevooo\proyetcoteocgihc-main\proyetcoteocgihc-main\campo_comida\proyectolab\debug\model.obj
c:\users\fer\desktop\nuevooo\proyetcoteocgihc-main\proyetcoteocgihc-main\campo_comida\proyectolab\debug\mesh_tn.obj
c:\users\fer\desktop\nuevooo\proyetcoteocgihc-main\proyetcoteocgihc-main\campo_comida\proyectolab\debug\material.obj
c:\users\fer\desktop\nuevooo\proyetcoteocgihc-main\proyetcoteocgihc-main\campo_comida\proyectolab\debug\light.obj
c:\users\fer\desktop\nuevooo\proyetcoteocgihc-main\proyetcoteocgihc-main\campo_comida\proyectolab\debug\main.obj
c:\users\fer\desktop\nuevooo\proyetcoteocgihc-main\proyetcoteocgihc-main\campo_comida\proyectolab\debug\directionallight.obj
c:\users\fer\desktop\nuevooo\proyetcoteocgihc-main\proyetcoteocgihc-main\campo_comida\proyectolab\debug\camera.obj
c:\users\fer\desktop\proyetcoteocgihc\campo_comida\proyectolab\debug\vc143.pdb
c:\users\fer\desktop\proyetcoteocgihc\campo_comida\proyectolab\debug\vc143.idb
c:\users\fer\desktop\proyetcoteocgihc\campo_comida\proyectolab\debug\window.obj
c:\users\fer\desktop\proyetcoteocgihc\campo_comida\proyectolab\debug\tux_m.obj
c:\users\fer\desktop\proyetcoteocgihc\campo_comida\proyectolab\debug\tuxfather.obj
c:\users\fer\desktop\proyetcoteocgihc\campo_comida\proyectolab\debug\texture.obj
c:\users\fer\desktop\proyetcoteocgihc\campo_comida\proyectolab\debug\spotlight.obj
c:\users\fer\desktop\proyetcoteocgihc\campo_comida\proyectolab\debug\sphere.obj
c:\users\fer\desktop\proyetcoteocgihc\campo_comida\proyectolab\debug\skybox.obj
c:\users\fer\desktop\proyetcoteocgihc\campo_comida\proyectolab\debug\shader_light.obj
c:\users\fer\desktop\proyetcoteocgihc\campo_comida\proyectolab\debug\pointlight.obj
c:\users\fer\desktop\proyetcoteocgihc\campo_comida\proyectolab\debug\model.obj
c:\users\fer\desktop\proyetcoteocgihc\campo_comida\proyectolab\debug\mesh_tn.obj
c:\users\fer\desktop\proyetcoteocgihc\campo_comida\proyectolab\debug\material.obj
c:\users\fer\desktop\proyetcoteocgihc\campo_comida\proyectolab\debug\light.obj
c:\users\fer\desktop\proyetcoteocgihc\campo_comida\proyectolab\debug\main.obj
c:\users\fer\desktop\proyetcoteocgihc\campo_comida\proyectolab\debug\directionallight.obj
c:\users\fer\desktop\proyetcoteocgihc\campo_comida\proyectolab\debug\camera.obj
c:\users\fer\desktop\nuevooo\proyetcoteocgihc-main\proyetcoteocgihc-main\campo_comida\debug\proyectolab.exe
c:\users\fer\desktop\nuevooo\proyetcoteocgihc-main\proyetcoteocgihc-main\campo_comida\proyectolab\debug\proyectolab.ilk
c:\users\fer\desktop\nuevooo\proyetcoteocgihc-main\proyetcoteocgihc-main\campo_comida\debug\proyectolab.pdb
c:\users\fer\desktop\proyetcoteocgihc\campo_comida\debug\proyectolab.exe
c:\users\fer\desktop\proyetcoteocgihc\campo_comida\proyectolab\debug\proyectolab.ilk
c:\users\fer\desktop\proyetcoteocgihc\campo_comida\debug\proyectolab.pdb
c:\users\fer\desktop\proyetcoteocgihc\campo_comida\proyectolab\debug\main.obj.enc
c:\users\fer\desktop\proyetcoteocgihc\campo_comida\proyectolab\debug\proyectolab.tlog\cl.command.1.tlog
c:\users\fer\desktop\proyetcoteocgihc\campo_comida\proyectolab\debug\proyectolab.tlog\cl.read.1.tlog
c:\users\fer\desktop\proyetcoteocgihc\campo_comida\proyectolab\debug\proyectolab.tlog\cl.write.1.tlog
c:\users\fer\desktop\proyetcoteocgihc\campo_comida\proyectolab\debug\proyectolab.tlog\link.command.1.tlog
c:\users\fer\desktop\proyetcoteocgihc\campo_comida\proyectolab\debug\proyectolab.tlog\link.read.1.tlog
c:\users\fer\desktop\proyetcoteocgihc\campo_comida\proyectolab\debug\proyectolab.tlog\link.write.1.tlog
