  Camera.cpp
  DirectionalLight.cpp
C:\Users\Erik\Desktop\ProyectoCG\ProyetcoTeoCGIHC\campo_comida\ProyectoLab\DirectionalLight.cpp(18,14): warning C4244: 'argumento': conversión de 'GLfloat' a 'GLint'; posible pérdida de datos
C:\Users\Erik\Desktop\ProyectoCG\ProyetcoTeoCGIHC\campo_comida\ProyectoLab\DirectionalLight.cpp(19,14): warning C4244: 'argumento': conversión de 'GLfloat' a 'GLint'; posible pérdida de datos
C:\Users\Erik\Desktop\ProyectoCG\ProyetcoTeoCGIHC\campo_comida\ProyectoLab\DirectionalLight.cpp(21,14): warning C4244: 'argumento': conversión de 'GLfloat' a 'GLint'; posible pérdida de datos
C:\Users\Erik\Desktop\ProyectoCG\ProyetcoTeoCGIHC\campo_comida\ProyectoLab\DirectionalLight.cpp(22,14): warning C4244: 'argumento': conversión de 'GLfloat' a 'GLint'; posible pérdida de datos
  main.cpp
C:\Users\Erik\Desktop\ProyectoCG\ProyetcoTeoCGIHC\campo_comida\ProyectoLab\main.cpp(13,10): warning C4067: símbolos (token) inesperados después de la directiva del preprocesador; se esperaba una nueva línea
C:\Users\Erik\Desktop\ProyectoCG\ProyetcoTeoCGIHC\campo_comida\ProyectoLab\addons.h(10,22): warning C4244: 'return': conversión de '_Rep' a 'int'; posible pérdida de datos
          with
          [
              _Rep=double
          ]
C:\Users\Erik\Desktop\ProyectoCG\ProyetcoTeoCGIHC\campo_comida\ProyectoLab\addons.h(15,13): warning C4244: 'return': conversión de 'double' a 'float'; posible pérdida de datos
C:\Users\Erik\Desktop\ProyectoCG\ProyetcoTeoCGIHC\campo_comida\ProyectoLab\Window.h(12,36): warning C4244: 'return': conversión de 'GLint' a 'GLfloat'; posible pérdida de datos
C:\Users\Erik\Desktop\ProyectoCG\ProyetcoTeoCGIHC\campo_comida\ProyectoLab\Window.h(13,37): warning C4244: 'return': conversión de 'GLint' a 'GLfloat'; posible pérdida de datos
C:\Users\Erik\Desktop\ProyectoCG\ProyetcoTeoCGIHC\campo_comida\ProyectoLab\main.cpp(521,13): warning C4244: 'inicializando': conversión de 'int' a 'float'; posible pérdida de datos
C:\Users\Erik\Desktop\ProyectoCG\ProyetcoTeoCGIHC\campo_comida\ProyectoLab\main.cpp(543,13): warning C4244: 'inicializando': conversión de 'int' a 'float'; posible pérdida de datos
C:\Users\Erik\Desktop\ProyectoCG\ProyetcoTeoCGIHC\campo_comida\ProyectoLab\main.cpp(1080,15): warning C4244: 'inicializando': conversión de 'double' a 'GLfloat'; posible pérdida de datos
C:\Users\Erik\Desktop\ProyectoCG\ProyetcoTeoCGIHC\campo_comida\ProyectoLab\main.cpp(1082,33): warning C4244: '+=': conversión de 'double' a 'GLfloat'; posible pérdida de datos
C:\Users\Erik\Desktop\ProyectoCG\ProyetcoTeoCGIHC\campo_comida\ProyectoLab\main.cpp(1845,20): warning C4305: '+=': truncamiento de 'double' a 'float'
  Light.cpp
  Material.cpp
  Mesh_tn.cpp
  Model.cpp
C:\Users\Erik\Desktop\ProyectoCG\ProyetcoTeoCGIHC\campo_comida\ProyectoLab\Model.cpp(16,10): warning C4477: 'printf' : la cadena de formato '%s' requiere un argumento de tipo 'char *', pero el argumento variádico 1 tiene el tipo 'const std::string'
C:\Users\Erik\Desktop\ProyectoCG\ProyetcoTeoCGIHC\campo_comida\ProyectoLab\Model.cpp(16,80): warning C4474: "printf": se pasaron demasiados argumentos para la cadena de formato
C:\Users\Erik\Desktop\ProyectoCG\ProyetcoTeoCGIHC\campo_comida\ProyectoLab\Model.cpp(16,80): message : los marcadores de posición y sus parámetros esperan 1 argumentos variádicos, pero se proporcionaron 2
C:\Users\Erik\Desktop\ProyectoCG\ProyetcoTeoCGIHC\campo_comida\ProyectoLab\Model.cpp(51,7): warning C4804: '<': uso no seguro del tipo 'bool' en la operación
C:\Users\Erik\Desktop\ProyectoCG\ProyetcoTeoCGIHC\campo_comida\ProyectoLab\Model.cpp(51,21): warning C4018: '<': no coinciden signed/unsigned
C:\Users\Erik\Desktop\ProyectoCG\ProyetcoTeoCGIHC\campo_comida\ProyectoLab\Model.cpp(138,14): warning C4477: 'printf' : la cadena de formato '%s' requiere un argumento de tipo 'char *', pero el argumento variádico 1 tiene el tipo 'std::string'
C:\Users\Erik\Desktop\ProyectoCG\ProyetcoTeoCGIHC\campo_comida\ProyectoLab\Model.cpp(147,14): warning C4477: 'printf' : la cadena de formato '%s' requiere un argumento de tipo 'char *', pero el argumento variádico 1 tiene el tipo 'std::string'
  PointLight.cpp
C:\Users\Erik\Desktop\ProyectoCG\ProyetcoTeoCGIHC\campo_comida\ProyectoLab\PointLight.cpp(28,14): warning C4244: 'argumento': conversión de 'GLfloat' a 'GLint'; posible pérdida de datos
C:\Users\Erik\Desktop\ProyectoCG\ProyetcoTeoCGIHC\campo_comida\ProyectoLab\PointLight.cpp(29,14): warning C4244: 'argumento': conversión de 'GLfloat' a 'GLint'; posible pérdida de datos
C:\Users\Erik\Desktop\ProyectoCG\ProyetcoTeoCGIHC\campo_comida\ProyectoLab\PointLight.cpp(30,14): warning C4244: 'argumento': conversión de 'GLfloat' a 'GLint'; posible pérdida de datos
C:\Users\Erik\Desktop\ProyectoCG\ProyetcoTeoCGIHC\campo_comida\ProyectoLab\PointLight.cpp(32,14): warning C4244: 'argumento': conversión de 'GLfloat' a 'GLint'; posible pérdida de datos
C:\Users\Erik\Desktop\ProyectoCG\ProyetcoTeoCGIHC\campo_comida\ProyectoLab\PointLight.cpp(33,14): warning C4244: 'argumento': conversión de 'GLfloat' a 'GLint'; posible pérdida de datos
C:\Users\Erik\Desktop\ProyectoCG\ProyetcoTeoCGIHC\campo_comida\ProyectoLab\PointLight.cpp(34,14): warning C4244: 'argumento': conversión de 'GLfloat' a 'GLint'; posible pérdida de datos
C:\Users\Erik\Desktop\ProyectoCG\ProyetcoTeoCGIHC\campo_comida\ProyectoLab\PointLight.cpp(35,14): warning C4244: 'argumento': conversión de 'GLfloat' a 'GLint'; posible pérdida de datos
  Shader_light.cpp
C:\Users\Erik\Desktop\ProyectoCG\ProyetcoTeoCGIHC\campo_comida\ProyectoLab\Shader_light.cpp(215,75): warning C4244: 'argumento': conversión de 'GLuint' a 'GLfloat'; posible pérdida de datos
C:\Users\Erik\Desktop\ProyectoCG\ProyetcoTeoCGIHC\campo_comida\ProyectoLab\Shader_light.cpp(215,26): warning C4244: 'argumento': conversión de 'GLuint' a 'GLfloat'; posible pérdida de datos
C:\Users\Erik\Desktop\ProyectoCG\ProyetcoTeoCGIHC\campo_comida\ProyectoLab\Shader_light.cpp(214,91): warning C4244: 'argumento': conversión de 'GLuint' a 'GLfloat'; posible pérdida de datos
C:\Users\Erik\Desktop\ProyectoCG\ProyetcoTeoCGIHC\campo_comida\ProyectoLab\Shader_light.cpp(214,42): warning C4244: 'argumento': conversión de 'GLuint' a 'GLfloat'; posible pérdida de datos
C:\Users\Erik\Desktop\ProyectoCG\ProyetcoTeoCGIHC\campo_comida\ProyectoLab\Shader_light.cpp(228,98): warning C4244: 'argumento': conversión de 'GLuint' a 'GLfloat'; posible pérdida de datos
C:\Users\Erik\Desktop\ProyectoCG\ProyetcoTeoCGIHC\campo_comida\ProyectoLab\Shader_light.cpp(228,62): warning C4244: 'argumento': conversión de 'GLuint' a 'GLfloat'; posible pérdida de datos
C:\Users\Erik\Desktop\ProyectoCG\ProyetcoTeoCGIHC\campo_comida\ProyectoLab\Shader_light.cpp(228,24): warning C4244: 'argumento': conversión de 'GLuint' a 'GLfloat'; posible pérdida de datos
C:\Users\Erik\Desktop\ProyectoCG\ProyetcoTeoCGIHC\campo_comida\ProyectoLab\Shader_light.cpp(227,70): warning C4244: 'argumento': conversión de 'GLuint' a 'GLfloat'; posible pérdida de datos
C:\Users\Erik\Desktop\ProyectoCG\ProyetcoTeoCGIHC\campo_comida\ProyectoLab\Shader_light.cpp(227,24): warning C4244: 'argumento': conversión de 'GLuint' a 'GLfloat'; posible pérdida de datos
C:\Users\Erik\Desktop\ProyectoCG\ProyetcoTeoCGIHC\campo_comida\ProyectoLab\Shader_light.cpp(226,88): warning C4244: 'argumento': conversión de 'GLuint' a 'GLfloat'; posible pérdida de datos
C:\Users\Erik\Desktop\ProyectoCG\ProyetcoTeoCGIHC\campo_comida\ProyectoLab\Shader_light.cpp(226,42): warning C4244: 'argumento': conversión de 'GLuint' a 'GLfloat'; posible pérdida de datos
  Skybox.cpp
  Sphere.cpp
C:\Users\Erik\Desktop\ProyectoCG\ProyetcoTeoCGIHC\campo_comida\ProyectoLab\Sphere.cpp(39,13): warning C4244: 'inicializando': conversión de 'double' a 'float'; posible pérdida de datos
C:\Users\Erik\Desktop\ProyectoCG\ProyetcoTeoCGIHC\campo_comida\ProyectoLab\Sphere.cpp(43,16): warning C4244: 'inicializando': conversión de 'double' a 'float'; posible pérdida de datos
  SpotLight.cpp
  Texture.cpp
  TuxFather.cpp
  Tux_M.cpp
  Window.cpp
C:\Users\Erik\Desktop\ProyectoCG\ProyetcoTeoCGIHC\campo_comida\ProyectoLab\Window.h(12,36): warning C4244: 'return': conversión de 'GLint' a 'GLfloat'; posible pérdida de datos
C:\Users\Erik\Desktop\ProyectoCG\ProyetcoTeoCGIHC\campo_comida\ProyectoLab\Window.h(13,37): warning C4244: 'return': conversión de 'GLint' a 'GLfloat'; posible pérdida de datos
C:\Users\Erik\Desktop\ProyectoCG\ProyetcoTeoCGIHC\campo_comida\ProyectoLab\Window.cpp(188,22): warning C4244: '=': conversión de 'double' a 'GLfloat'; posible pérdida de datos
C:\Users\Erik\Desktop\ProyectoCG\ProyetcoTeoCGIHC\campo_comida\ProyectoLab\Window.cpp(189,22): warning C4244: '=': conversión de 'double' a 'GLfloat'; posible pérdida de datos
C:\Users\Erik\Desktop\ProyectoCG\ProyetcoTeoCGIHC\campo_comida\ProyectoLab\Window.cpp(193,28): warning C4244: '=': conversión de 'double' a 'GLfloat'; posible pérdida de datos
C:\Users\Erik\Desktop\ProyectoCG\ProyetcoTeoCGIHC\campo_comida\ProyectoLab\Window.cpp(194,40): warning C4244: '=': conversión de 'double' a 'GLfloat'; posible pérdida de datos
C:\Users\Erik\Desktop\ProyectoCG\ProyetcoTeoCGIHC\campo_comida\ProyectoLab\Window.cpp(196,21): warning C4244: '=': conversión de 'double' a 'GLfloat'; posible pérdida de datos
C:\Users\Erik\Desktop\ProyectoCG\ProyetcoTeoCGIHC\campo_comida\ProyectoLab\Window.cpp(197,21): warning C4244: '=': conversión de 'double' a 'GLfloat'; posible pérdida de datos
  Generando código...
C:\Users\Erik\Desktop\ProyectoCG\ProyetcoTeoCGIHC\campo_comida\ProyectoLab\Window.cpp(84): warning C4715: 'Window::Initialise': no todas las rutas de acceso de control devuelven un valor
LINK : warning LNK4098: la biblioteca predeterminada'MSVCRT' entra en conflicto con otras bibliotecas; use la biblioteca /NODEFAULTLIB:biblioteca
  ProyectoLab.vcxproj -> C:\Users\Erik\Desktop\ProyectoCG\ProyetcoTeoCGIHC\campo_comida\Debug\ProyectoLab.exe
